<?xml version="1.0" encoding="UTF-8"?>
<testng-results ignored="0" total="1" passed="1" failed="0" skipped="0">
  <reporter-output>
  </reporter-output>
  <suite started-at="2021-05-14T09:47:38 IST" name="Default suite" finished-at="2021-05-14T09:48:48 IST" duration-ms="69924">
    <groups>
    </groups>
    <test started-at="2021-05-14T09:47:38 IST" name="Default test" finished-at="2021-05-14T09:48:48 IST" duration-ms="69924">
      <class name="com.skillrary.test.MessagePageTest">
        <test-method is-config="true" signature="configBS()[pri:0, instance:com.skillrary.test.MessagePageTest@48aaecc3]" started-at="2021-05-14T09:47:38 IST" name="configBS" finished-at="2021-05-14T09:47:38 IST" duration-ms="19" status="PASS">
          <reporter-output>
          </reporter-output>
        </test-method> <!-- configBS -->
        <test-method is-config="true" signature="configBT()[pri:0, instance:com.skillrary.test.MessagePageTest@48aaecc3]" started-at="2021-05-14T09:47:40 IST" name="configBT" finished-at="2021-05-14T09:47:40 IST" duration-ms="1" status="PASS">
          <reporter-output>
          </reporter-output>
        </test-method> <!-- configBT -->
        <test-method is-config="true" signature="configBC()[pri:0, instance:com.skillrary.test.MessagePageTest@48aaecc3]" started-at="2021-05-14T09:47:40 IST" name="configBC" finished-at="2021-05-14T09:47:52 IST" duration-ms="12421" status="PASS">
          <reporter-output>
          </reporter-output>
        </test-method> <!-- configBC -->
        <test-method is-config="true" signature="configBM()[pri:0, instance:com.skillrary.test.MessagePageTest@48aaecc3]" started-at="2021-05-14T09:47:52 IST" name="configBM" finished-at="2021-05-14T09:48:32 IST" duration-ms="39731" status="PASS">
          <reporter-output>
          </reporter-output>
        </test-method> <!-- configBM -->
        <test-method signature="verifyMessage()[pri:0, instance:com.skillrary.test.MessagePageTest@48aaecc3]" started-at="2021-05-14T09:48:32 IST" name="verifyMessage" finished-at="2021-05-14T09:48:46 IST" duration-ms="13767" status="PASS">
          <reporter-output>
          </reporter-output>
        </test-method> <!-- verifyMessage -->
        <test-method is-config="true" signature="configAM()[pri:0, instance:com.skillrary.test.MessagePageTest@48aaecc3]" started-at="2021-05-14T09:48:46 IST" name="configAM" finished-at="2021-05-14T09:48:47 IST" duration-ms="1291" status="PASS">
          <reporter-output>
          </reporter-output>
        </test-method> <!-- configAM -->
        <test-method is-config="true" signature="configAC()[pri:0, instance:com.skillrary.test.MessagePageTest@48aaecc3]" started-at="2021-05-14T09:48:47 IST" name="configAC" finished-at="2021-05-14T09:48:48 IST" duration-ms="1301" status="PASS">
          <reporter-output>
          </reporter-output>
        </test-method> <!-- configAC -->
        <test-method is-config="true" signature="configAT()[pri:0, instance:com.skillrary.test.MessagePageTest@48aaecc3]" started-at="2021-05-14T09:48:48 IST" name="configAT" finished-at="2021-05-14T09:48:48 IST" duration-ms="0" status="PASS">
          <reporter-output>
          </reporter-output>
        </test-method> <!-- configAT -->
        <test-method is-config="true" signature="configAS()[pri:0, instance:com.skillrary.test.MessagePageTest@48aaecc3]" started-at="2021-05-14T09:48:49 IST" name="configAS" finished-at="2021-05-14T09:48:49 IST" duration-ms="0" status="PASS">
          <reporter-output>
          </reporter-output>
        </test-method> <!-- configAS -->
      </class> <!-- com.skillrary.test.MessagePageTest -->
    </test> <!-- Default test -->
  </suite> <!-- Default suite -->
</testng-results>
