<?xml version="1.0" encoding="UTF-8"?>
<testng-results ignored="0" total="1" passed="1" failed="0" skipped="0">
  <reporter-output>
  </reporter-output>
  <suite started-at="2021-05-13T12:39:52 IST" name="Default suite" finished-at="2021-05-13T12:40:57 IST" duration-ms="64749">
    <groups>
    </groups>
    <test started-at="2021-05-13T12:39:52 IST" name="Default test" finished-at="2021-05-13T12:40:57 IST" duration-ms="64749">
      <class name="com.skillrary.test.SampleTest">
        <test-method is-config="true" signature="configBS()[pri:0, instance:com.skillrary.test.SampleTest@68e965f5]" started-at="2021-05-13T12:39:52 IST" name="configBS" finished-at="2021-05-13T12:39:52 IST" duration-ms="11" status="PASS">
          <reporter-output>
          </reporter-output>
        </test-method> <!-- configBS -->
        <test-method is-config="true" signature="configBT()[pri:0, instance:com.skillrary.test.SampleTest@68e965f5]" started-at="2021-05-13T12:39:52 IST" name="configBT" finished-at="2021-05-13T12:39:52 IST" duration-ms="2" status="PASS">
          <reporter-output>
          </reporter-output>
        </test-method> <!-- configBT -->
        <test-method is-config="true" signature="configBC()[pri:0, instance:com.skillrary.test.SampleTest@68e965f5]" started-at="2021-05-13T12:39:52 IST" name="configBC" finished-at="2021-05-13T12:39:56 IST" duration-ms="3320" status="PASS">
          <reporter-output>
          </reporter-output>
        </test-method> <!-- configBC -->
        <test-method is-config="true" signature="configBM()[pri:0, instance:com.skillrary.test.SampleTest@68e965f5]" started-at="2021-05-13T12:39:56 IST" name="configBM" finished-at="2021-05-13T12:40:54 IST" duration-ms="58228" status="PASS">
          <reporter-output>
          </reporter-output>
        </test-method> <!-- configBM -->
        <test-method signature="demo()[pri:0, instance:com.skillrary.test.SampleTest@68e965f5]" started-at="2021-05-13T12:40:54 IST" name="demo" finished-at="2021-05-13T12:40:54 IST" duration-ms="8" status="PASS">
          <reporter-output>
          </reporter-output>
        </test-method> <!-- demo -->
        <test-method is-config="true" signature="configAM()[pri:0, instance:com.skillrary.test.SampleTest@68e965f5]" started-at="2021-05-13T12:40:54 IST" name="configAM" finished-at="2021-05-13T12:40:55 IST" duration-ms="1456" status="PASS">
          <reporter-output>
          </reporter-output>
        </test-method> <!-- configAM -->
        <test-method is-config="true" signature="configAC()[pri:0, instance:com.skillrary.test.SampleTest@68e965f5]" started-at="2021-05-13T12:40:55 IST" name="configAC" finished-at="2021-05-13T12:40:57 IST" duration-ms="1680" status="PASS">
          <reporter-output>
          </reporter-output>
        </test-method> <!-- configAC -->
        <test-method is-config="true" signature="configAT()[pri:0, instance:com.skillrary.test.SampleTest@68e965f5]" started-at="2021-05-13T12:40:57 IST" name="configAT" finished-at="2021-05-13T12:40:57 IST" duration-ms="0" status="PASS">
          <reporter-output>
          </reporter-output>
        </test-method> <!-- configAT -->
        <test-method is-config="true" signature="configAS()[pri:0, instance:com.skillrary.test.SampleTest@68e965f5]" started-at="2021-05-13T12:40:57 IST" name="configAS" finished-at="2021-05-13T12:40:57 IST" duration-ms="0" status="PASS">
          <reporter-output>
          </reporter-output>
        </test-method> <!-- configAS -->
      </class> <!-- com.skillrary.test.SampleTest -->
    </test> <!-- Default test -->
  </suite> <!-- Default suite -->
</testng-results>
